<2022-03-05 20:52:55> [Info] ADDED ITEM HOME TO QUEUE, RETURNED NO MATCH FOUND
<2022-03-05 20:52:59> [Info] ADDED ITEM SHUTDOWN TO QUEUE, RETURNED NO MATCH FOUND
<2022-03-05 22:25:54> [Info] ADDED ITEM HOME TO QUEUE, RETURNED NO MATCH FOUND
<2022-03-05 22:26:03> [Debug] REQUESTED OPCHANGE TO MODE 0
<2022-03-05 22:26:03> [Debug] REQUESTED OPCHANGE TO MODE 0
<2022-03-05 22:26:03> [Debug] REQUESTED OPCHANGE TO MODE 0
<2022-03-05 22:26:03> [Debug] REQUESTED OPCHANGE TO MODE 0
<2022-03-05 22:26:03> [Debug] REQUESTED OPCHANGE TO MODE 0
<2022-03-05 22:26:03> [Debug] REQUESTED OPCHANGE TO MODE 0
<2022-03-05 22:26:03> [Debug] REQUESTED OPCHANGE TO MODE 0
<2022-03-05 22:26:03> [Debug] REQUESTED OPCHANGE TO MODE 0
<2022-03-05 22:26:03> [Debug] REQUESTED OPCHANGE TO MODE 0
<2022-03-05 22:26:03> [Debug] REQUESTED OPCHANGE TO MODE 0
<2022-03-05 22:26:03> [Debug] REQUESTED OPCHANGE TO MODE 0
<2022-03-05 22:26:03> [Debug] REQUESTED OPCHANGE TO MODE 0
<2022-03-05 22:26:03> [Debug] REQUESTED OPCHANGE TO MODE 0
<2022-03-05 22:26:03> [Debug] REQUESTED OPCHANGE TO MODE 0
<2022-03-05 22:26:03> [Debug] REQUESTED OPCHANGE TO MODE 0
<2022-03-05 22:26:03> [Debug] REQUESTED OPCHANGE TO MODE 0
<2022-03-05 22:26:03> [Debug] REQUESTED OPCHANGE TO MODE 0
<2022-03-05 22:26:03> [Debug] REQUESTED OPCHANGE TO MODE 0
<2022-03-05 22:26:03> [Debug] REQUESTED OPCHANGE TO MODE 0
<2022-03-05 22:26:03> [Debug] REQUESTED OPCHANGE TO MODE 0
<2022-03-05 22:26:03> [Debug] REQUESTED OPCHANGE TO MODE 0
<2022-03-05 22:26:03> [Debug] REQUESTED OPCHANGE TO MODE 0
<2022-03-05 22:26:03> [Debug] REQUESTED OPCHANGE TO MODE 0
<2022-03-05 22:26:03> [Debug] REQUESTED OPCHANGE TO MODE 0
<2022-03-05 22:26:03> [Debug] REQUESTED OPCHANGE TO MODE 0
<2022-03-05 22:26:03> [Debug] REQUESTED OPCHANGE TO MODE 0
<2022-03-05 22:26:03> [Debug] REQUESTED OPCHANGE TO MODE 0
<2022-03-05 22:26:03> [Debug] REQUESTED OPCHANGE TO MODE 0
<2022-03-05 22:26:03> [Debug] REQUESTED OPCHANGE TO MODE 0
<2022-03-05 22:26:03> [Debug] REQUESTED OPCHANGE TO MODE 0
<2022-03-05 22:26:04> [Debug] REQUESTED OPCHANGE TO MODE 0
<2022-03-05 22:26:04> [Debug] REQUESTED OPCHANGE TO MODE 0
<2022-03-05 22:26:04> [Debug] REQUESTED OPCHANGE TO MODE 0
<2022-03-05 22:26:04> [Debug] REQUESTED OPCHANGE TO MODE 0
<2022-03-05 22:26:04> [Debug] REQUESTED OPCHANGE TO MODE 0
<2022-03-05 22:26:04> [Debug] REQUESTED OPCHANGE TO MODE 0
<2022-03-05 22:26:04> [Debug] REQUESTED OPCHANGE TO MODE 0
<2022-03-05 22:26:04> [Debug] REQUESTED OPCHANGE TO MODE 0
<2022-03-05 22:26:04> [Debug] REQUESTED OPCHANGE TO MODE 0
<2022-03-05 22:26:04> [Debug] REQUESTED OPCHANGE TO MODE 0
<2022-03-05 22:26:36> [Info] CREATED NEW PROFILE TEST
<2022-03-06 12:56:55> [Info] CREATED NEW PROFILE TRES
<2022-03-06 12:58:44> [Info] CREATED NEW PROFILE TEST
<2022-03-06 13:01:12> [Info] CREATED NEW PROFILE TEST
<2022-03-06 13:02:10> [Info] CREATED NEW PROFILE TEST
<2022-03-06 13:05:12> [Info] CREATED NEW PROFILE TEST
<2022-03-06 13:07:52> [Info] CREATED NEW PROFILE TEST
<2022-03-06 13:10:49> [Info] CREATED NEW PROFILE TEST
<2022-03-06 14:47:13> [Info] ADDED ITEM HOME TO QUEUE, RETURNED NO MATCH FOUND
<2022-03-06 14:47:24> [Info] CREATED NEW PROFILE TEST
<2022-03-06 15:30:32> [Info] ADDED ITEM HOME TO QUEUE, RETURNED NO MATCH FOUND
<2022-03-06 15:51:09> [Info] ADDED ITEM HOME TO QUEUE, RETURNED NO MATCH FOUND
<2022-03-06 16:05:48> [Info] ADDED ITEM HOME TO QUEUE, RETURNED NO MATCH FOUND
<2022-03-06 16:06:37> [Info] ADDED ITEM SHUTDOWN TO QUEUE, RETURNED NO MATCH FOUND
<2022-03-06 16:07:17> [Info] ADDED ITEM HOME TO QUEUE, RETURNED NO MATCH FOUND
<2022-03-06 16:09:04> [Info] ADDED ITEM HOME TO QUEUE, RETURNED NO MATCH FOUND
<2022-03-06 16:16:52> [Info] ADDED ITEM HOME TO QUEUE, RETURNED NO MATCH FOUND
<2022-03-06 16:17:46> [Info] ADDED ITEM HOME TO QUEUE, RETURNED NO MATCH FOUND
<2022-03-06 16:17:47> [Info] ADDED ITEM SHUTDOWN TO QUEUE, RETURNED NO MATCH FOUND
<2022-03-06 16:17:49> [Info] ADDED ITEM HOME TO QUEUE, RETURNED NO MATCH FOUND
<2022-03-06 16:17:51> [Info] ADDED ITEM SHUTDOWN TO QUEUE, RETURNED NO MATCH FOUND
<2022-03-06 16:18:07> [Info] ADDED ITEM HOME TO QUEUE, RETURNED NO MATCH FOUND
<2022-03-06 16:18:09> [Info] ADDED ITEM SHUTDOWN TO QUEUE, RETURNED NO MATCH FOUND
<2022-03-06 16:28:31> [Info] ADDED ITEM HOME TO QUEUE, RETURNED NO MATCH FOUND
<2022-03-06 16:28:33> [Info] ADDED ITEM SHUTDOWN TO QUEUE, RETURNED NO MATCH FOUND
<2022-03-06 16:37:10> [Info] ADDED ITEM HOME TO QUEUE, RETURNED NO MATCH FOUND
<2022-03-06 16:38:18> [Info] ADDED ITEM HOME TO QUEUE, RETURNED NO MATCH FOUND
<2022-03-06 16:45:37> [Info] ADDED ITEM HOME TO QUEUE, RETURNED NO MATCH FOUND
<2022-03-06 16:58:30> [Info] ADDED ITEM HOME TO QUEUE, RETURNED NO MATCH FOUND
<2022-03-06 16:58:33> [Info] ADDED ITEM HOME TO QUEUE, RETURNED NO MATCH FOUND
<2022-03-06 16:58:37> [Info] ADDED ITEM HOME TO QUEUE, RETURNED NO MATCH FOUND
<2022-03-06 17:05:36> [Info] ADDED ITEM HOME TO QUEUE, RETURNED NO MATCH FOUND
<2022-03-06 17:06:36> [Info] ADDED ITEM HOME TO QUEUE, RETURNED NO MATCH FOUND
<2022-03-06 17:10:17> [Info] ADDED ITEM HOME TO QUEUE, RETURNED NO MATCH FOUND
<2022-03-06 17:13:52> [Info] ADDED ITEM HOME TO QUEUE, RETURNED NO MATCH FOUND
<2022-03-06 17:16:24> [Info] ADDED ITEM HOME TO QUEUE, RETURNED NO MATCH FOUND
<2022-03-06 17:17:59> [Info] ADDED ITEM HOME TO QUEUE, RETURNED NO MATCH FOUND
<2022-03-06 17:18:18> [Info] ADDED ITEM HOME TO QUEUE, RETURNED NO MATCH FOUND
<2022-03-06 17:50:30> [Info] ADDED ITEM HOME TO QUEUE, RETURNED NO MATCH FOUND
<2022-03-06 17:54:07> [Info] ADDED ITEM HOME TO QUEUE, RETURNED NO MATCH FOUND
<2022-03-06 17:56:35> [Info] ADDED ITEM HOME TO QUEUE, RETURNED NO MATCH FOUND
<2022-03-06 17:57:25> [Info] ADDED ITEM HOME TO QUEUE, RETURNED NO MATCH FOUND
<2022-03-06 17:57:42> [Info] ADDED ITEM HOME TO QUEUE, RETURNED NO MATCH FOUND
<2022-03-06 18:39:53> [Info] ADDED ITEM HOME TO QUEUE, RETURNED NO MATCH FOUND
<2022-03-06 18:41:54> [Info] ADDED ITEM HOME TO QUEUE, RETURNED NO MATCH FOUND
<2022-03-06 18:51:15> [Info] ADDED ITEM HOME TO QUEUE, RETURNED NO MATCH FOUND
<2022-03-06 18:51:49> [Info] ADDED ITEM HOME TO QUEUE, RETURNED NO MATCH FOUND
